Fri 12 May 12:25:48 BST 2017 Starting heritrix
Linux min2ha-ThinkPad-X220 4.8.0-49-generic #52~16.04.1-Ubuntu SMP Thu Apr 20 10:55:59 UTC 2017 x86_64 x86_64 x86_64 GNU/Linux
java version "1.6.0_45"
Java(TM) SE Runtime Environment (build 1.6.0_45-b06)
Java HotSpot(TM) 64-Bit Server VM (build 20.45-b01, mixed mode)
JAVA_OPTS= -Xmx256m
core file size          (blocks, -c) 0
data seg size           (kbytes, -d) unlimited
scheduling priority             (-e) 0
file size               (blocks, -f) unlimited
pending signals                 (-i) 63552
max locked memory       (kbytes, -l) 64
max memory size         (kbytes, -m) unlimited
open files                      (-n) 1024
pipe size            (512 bytes, -p) 8
POSIX message queues     (bytes, -q) 819200
real-time priority              (-r) 0
stack size              (kbytes, -s) 8192
cpu time               (seconds, -t) unlimited
max user processes              (-u) 63552
virtual memory          (kbytes, -v) unlimited
file locks                      (-x) unlimited
Sun Microsystems Inc. Java(TM) SE Runtime Environment 1.6.0_45-b06
Using ad-hoc HTTPS certificate with fingerprint...
SHA1:D4:30:71:C5:26:77:E1:A2:FF:EF:F1:DE:3F:2C:52:7E:43:50:84:CA
Verify in browser before accepting exception.
2017-05-12 11:25:49.481 WARNING thread-10 org.archive.crawler.framework.Engine.findJobConfigs() invalid job directory: ./jobs/.gitignore where job expected from: ./jobs/.gitignore
2017-05-12 11:25:49.595::INFO:  Logging to STDERR via org.mortbay.log.StdErrLog
2017-05-12 11:25:49.596::INFO:  jetty-6.1.14
2017-05-12 11:25:49.800::INFO:  Started SslSocketConnector@localhost:8443
engine listening at port 8443
operator login set per command-line
NOTE: We recommend a longer, stronger password, especially if your web 
interface will be internet-accessible.
Heritrix version: 3.1.1
2017-05-12 11:26:38.464::WARN:  EXCEPTION 
javax.net.ssl.SSLException: Received fatal alert: illegal_parameter
	at com.sun.net.ssl.internal.ssl.Alerts.getSSLException(Alerts.java:190)
	at com.sun.net.ssl.internal.ssl.Alerts.getSSLException(Alerts.java:136)
	at com.sun.net.ssl.internal.ssl.SSLSocketImpl.recvAlert(SSLSocketImpl.java:1822)
	at com.sun.net.ssl.internal.ssl.SSLSocketImpl.readRecord(SSLSocketImpl.java:1004)
	at com.sun.net.ssl.internal.ssl.SSLSocketImpl.performInitialHandshake(SSLSocketImpl.java:1188)
	at com.sun.net.ssl.internal.ssl.SSLSocketImpl.startHandshake(SSLSocketImpl.java:1215)
	at com.sun.net.ssl.internal.ssl.SSLSocketImpl.startHandshake(SSLSocketImpl.java:1199)
	at org.mortbay.jetty.security.SslSocketConnector$SslConnection.run(SslSocketConnector.java:631)
	at org.mortbay.thread.QueuedThreadPool$PoolThread.run(QueuedThreadPool.java:522)
2017-05-12 11:27:03.196::WARN:  EXCEPTION 
javax.net.ssl.SSLException: Received fatal alert: illegal_parameter
	at com.sun.net.ssl.internal.ssl.Alerts.getSSLException(Alerts.java:190)
	at com.sun.net.ssl.internal.ssl.Alerts.getSSLException(Alerts.java:136)
	at com.sun.net.ssl.internal.ssl.SSLSocketImpl.recvAlert(SSLSocketImpl.java:1822)
	at com.sun.net.ssl.internal.ssl.SSLSocketImpl.readRecord(SSLSocketImpl.java:1004)
	at com.sun.net.ssl.internal.ssl.SSLSocketImpl.performInitialHandshake(SSLSocketImpl.java:1188)
	at com.sun.net.ssl.internal.ssl.SSLSocketImpl.startHandshake(SSLSocketImpl.java:1215)
	at com.sun.net.ssl.internal.ssl.SSLSocketImpl.startHandshake(SSLSocketImpl.java:1199)
	at org.mortbay.jetty.security.SslSocketConnector$SslConnection.run(SslSocketConnector.java:631)
	at org.mortbay.thread.QueuedThreadPool$PoolThread.run(QueuedThreadPool.java:522)
2017-05-12 11:30:08.922::WARN:  EXCEPTION 
javax.net.ssl.SSLException: Unrecognized SSL message, plaintext connection?
	at com.sun.net.ssl.internal.ssl.InputRecord.handleUnknownRecord(InputRecord.java:652)
	at com.sun.net.ssl.internal.ssl.InputRecord.read(InputRecord.java:484)
	at com.sun.net.ssl.internal.ssl.SSLSocketImpl.readRecord(SSLSocketImpl.java:863)
	at com.sun.net.ssl.internal.ssl.SSLSocketImpl.performInitialHandshake(SSLSocketImpl.java:1188)
	at com.sun.net.ssl.internal.ssl.SSLSocketImpl.startHandshake(SSLSocketImpl.java:1215)
	at com.sun.net.ssl.internal.ssl.SSLSocketImpl.startHandshake(SSLSocketImpl.java:1199)
	at org.mortbay.jetty.security.SslSocketConnector$SslConnection.run(SslSocketConnector.java:631)
	at org.mortbay.thread.QueuedThreadPool$PoolThread.run(QueuedThreadPool.java:522)
2017-05-12 11:30:09.054::WARN:  EXCEPTION 
javax.net.ssl.SSLException: Unrecognized SSL message, plaintext connection?
	at com.sun.net.ssl.internal.ssl.InputRecord.handleUnknownRecord(InputRecord.java:652)
	at com.sun.net.ssl.internal.ssl.InputRecord.read(InputRecord.java:484)
	at com.sun.net.ssl.internal.ssl.SSLSocketImpl.readRecord(SSLSocketImpl.java:863)
	at com.sun.net.ssl.internal.ssl.SSLSocketImpl.performInitialHandshake(SSLSocketImpl.java:1188)
	at com.sun.net.ssl.internal.ssl.SSLSocketImpl.startHandshake(SSLSocketImpl.java:1215)
	at com.sun.net.ssl.internal.ssl.SSLSocketImpl.startHandshake(SSLSocketImpl.java:1199)
	at org.mortbay.jetty.security.SslSocketConnector$SslConnection.run(SslSocketConnector.java:631)
	at org.mortbay.thread.QueuedThreadPool$PoolThread.run(QueuedThreadPool.java:522)
2017-05-12 11:30:09.074::WARN:  EXCEPTION 
javax.net.ssl.SSLException: Unrecognized SSL message, plaintext connection?
	at com.sun.net.ssl.internal.ssl.InputRecord.handleUnknownRecord(InputRecord.java:652)
	at com.sun.net.ssl.internal.ssl.InputRecord.read(InputRecord.java:484)
	at com.sun.net.ssl.internal.ssl.SSLSocketImpl.readRecord(SSLSocketImpl.java:863)
	at com.sun.net.ssl.internal.ssl.SSLSocketImpl.performInitialHandshake(SSLSocketImpl.java:1188)
	at com.sun.net.ssl.internal.ssl.SSLSocketImpl.startHandshake(SSLSocketImpl.java:1215)
	at com.sun.net.ssl.internal.ssl.SSLSocketImpl.startHandshake(SSLSocketImpl.java:1199)
	at org.mortbay.jetty.security.SslSocketConnector$SslConnection.run(SslSocketConnector.java:631)
	at org.mortbay.thread.QueuedThreadPool$PoolThread.run(QueuedThreadPool.java:522)
2017-05-12 11:30:16.714::WARN:  EXCEPTION 
javax.net.ssl.SSLException: Unrecognized SSL message, plaintext connection?
	at com.sun.net.ssl.internal.ssl.InputRecord.handleUnknownRecord(InputRecord.java:652)
	at com.sun.net.ssl.internal.ssl.InputRecord.read(InputRecord.java:484)
	at com.sun.net.ssl.internal.ssl.SSLSocketImpl.readRecord(SSLSocketImpl.java:863)
	at com.sun.net.ssl.internal.ssl.SSLSocketImpl.performInitialHandshake(SSLSocketImpl.java:1188)
	at com.sun.net.ssl.internal.ssl.SSLSocketImpl.startHandshake(SSLSocketImpl.java:1215)
	at com.sun.net.ssl.internal.ssl.SSLSocketImpl.startHandshake(SSLSocketImpl.java:1199)
	at org.mortbay.jetty.security.SslSocketConnector$SslConnection.run(SslSocketConnector.java:631)
	at org.mortbay.thread.QueuedThreadPool$PoolThread.run(QueuedThreadPool.java:522)
2017-05-12 11:36:56.858 WARNING thread-11 org.archive.crawler.framework.Engine.findJobConfigs() invalid job directory: ./jobs/.gitignore where job expected from: ./jobs/.gitignore
2017-05-12 11:36:57.873 WARNING thread-11 org.archive.crawler.framework.Engine.findJobConfigs() invalid job directory: ./jobs/.gitignore where job expected from: ./jobs/.gitignore
2017-05-12 11:36:58.391 WARNING thread-11 org.archive.crawler.framework.Engine.findJobConfigs() invalid job directory: ./jobs/.gitignore where job expected from: ./jobs/.gitignore
2017-05-12 11:39:52.204 INFO thread-12 org.archive.crawler.framework.Engine.addJobDirectory() added crawl job: myFirstJob
2017-05-12 11:39:52.204 WARNING thread-12 org.archive.crawler.framework.Engine.findJobConfigs() invalid job directory: ./jobs/.gitignore where job expected from: ./jobs/.gitignore
2017-05-12 11:42:42.474 WARNING thread-13 org.archive.crawler.framework.Engine.findJobConfigs() invalid job directory: ./jobs/.gitignore where job expected from: ./jobs/.gitignore
2017-05-12 11:42:50.563 WARNING thread-13 org.archive.crawler.framework.Engine.findJobConfigs() invalid job directory: ./jobs/.gitignore where job expected from: ./jobs/.gitignore
2017-05-12 11:57:50.839 INFO thread-14 org.springframework.context.support.AbstractApplicationContext.prepareRefresh() Refreshing org.archive.spring.PathSharingContext@4ca68fd8: startup date [Fri May 12 11:57:50 GMT 2017]; root of context hierarchy
2017-05-12 11:57:51.712 INFO thread-14 org.archive.crawler.framework.CrawlJob.instantiateContainer() Job instantiated
2017-05-12 11:58:06.093 INFO thread-14 org.archive.crawler.framework.CrawlJob.launch() Job launched
2017-05-12 11:58:07.613 INFO thread-15 org.archive.spring.PathSharingContext.initLaunchId() launch id 20170512115807
2017-05-12 11:58:07.684 INFO thread-15 org.springframework.context.support.DefaultLifecycleProcessor$LifecycleGroup.start() Starting beans in phase 0
2017-05-12 11:58:07.964 INFO thread-15 org.archive.io.WriterPool.<init>() Initial configuration: prefix=WEB, suffix=${prefix}-${timestamp17}-${serialno}-${heritrix.pid}~${heritrix.hostname}~${heritrix.port}, compress=true, maxSize=1000000000, maxActive=1, maxWait=500
2017-05-12 11:58:08.003 INFO thread-15 org.archive.crawler.framework.CrawlJob.onApplicationEvent() PREPARING 20170512115807
2017-05-12 11:58:08.105 INFO thread-15 org.archive.crawler.framework.CrawlJob.onApplicationEvent() PAUSED 20170512115807
2017-05-12 11:59:37.016 INFO thread-17 org.archive.crawler.framework.CrawlJob.onApplicationEvent() RUNNING 20170512115807
2017-05-12 11:59:37.996 INFO thread-18 org.archive.crawler.framework.CrawlController.noteFrontierState() Crawl running.
2017-05-12 11:59:44.868 WARNING thread-19 org.archive.modules.seeds.TextSeedModule.addSeed() nowhere to log added seed: https://controller.access.network/?dst=http%3A%2F%2Fexample.example%2Fexample&user_ip=10.8.5.239
2017-05-12 11:59:51.539 WARNING thread-19 org.archive.modules.seeds.TextSeedModule.addSeed() nowhere to log added seed: http://www.google.com/search?q=example.example/example
2017-05-12 12:00:08.001 INFO thread-18 org.archive.crawler.framework.CrawlController.noteFrontierState() Crawl empty.
2017-05-12 12:00:08.001 INFO thread-18 org.archive.crawler.framework.CrawlJob.onApplicationEvent() STOPPING 20170512115807
2017-05-12 12:00:08.002 INFO thread-18 org.archive.crawler.framework.CrawlJob.onApplicationEvent() EMPTY 20170512115807
2017-05-12 12:00:09.540 INFO thread-18 org.springframework.context.support.DefaultLifecycleProcessor$LifecycleGroup.stop() Stopping beans in phase 0
2017-05-12 12:00:09.541 INFO thread-18 org.archive.crawler.framework.CheckpointService.stop() Cleaned up Checkpoint TimerThread.
2017-05-12 12:00:09.543 INFO thread-18 org.archive.crawler.framework.CrawlJob.onApplicationEvent() FINISHED 20170512115807
2017-05-12 12:00:09.547 INFO thread-18 org.archive.crawler.reporting.StatisticsTracker.writeReportFile() wrote report: /home/min2ha/HR3/heritrix-3.1.1/./jobs/myFirstJob/20170512115807/reports/crawl-report.txt
2017-05-12 12:00:09.724 INFO thread-18 org.archive.crawler.reporting.StatisticsTracker.writeReportFile() wrote report: /home/min2ha/HR3/heritrix-3.1.1/./jobs/myFirstJob/20170512115807/reports/seeds-report.txt
2017-05-12 12:00:09.740 INFO thread-18 org.archive.crawler.reporting.StatisticsTracker.writeReportFile() wrote report: /home/min2ha/HR3/heritrix-3.1.1/./jobs/myFirstJob/20170512115807/reports/hosts-report.txt
2017-05-12 12:00:09.741 INFO thread-18 org.archive.crawler.reporting.StatisticsTracker.writeReportFile() wrote report: /home/min2ha/HR3/heritrix-3.1.1/./jobs/myFirstJob/20170512115807/reports/source-report.txt
2017-05-12 12:00:09.757 INFO thread-18 org.archive.crawler.reporting.StatisticsTracker.writeReportFile() wrote report: /home/min2ha/HR3/heritrix-3.1.1/./jobs/myFirstJob/20170512115807/reports/mimetype-report.txt
2017-05-12 12:00:09.771 INFO thread-18 org.archive.crawler.reporting.StatisticsTracker.writeReportFile() wrote report: /home/min2ha/HR3/heritrix-3.1.1/./jobs/myFirstJob/20170512115807/reports/responsecode-report.txt
2017-05-12 12:00:09.772 INFO thread-18 org.archive.modules.writer.WARCWriterProcessor.report() final stats: {response={numRecords=15, totalBytes=54005, contentBytes=48860, sizeOnDisk=16092}, warcinfo={numRecords=0, totalBytes=0, contentBytes=0, sizeOnDisk=0}, request={numRecords=12, totalBytes=7758, contentBytes=3610, sizeOnDisk=5143}, totals={numRecords=39, totalBytes=68665, contentBytes=55332, sizeOnDisk=25720}, metadata={numRecords=12, totalBytes=6902, contentBytes=2862, sizeOnDisk=4485}}
2017-05-12 12:00:09.772 INFO thread-18 org.archive.crawler.reporting.StatisticsTracker.writeReportFile() wrote report: /home/min2ha/HR3/heritrix-3.1.1/./jobs/myFirstJob/20170512115807/reports/processors-report.txt
2017-05-12 12:00:09.777 INFO thread-18 org.archive.crawler.reporting.StatisticsTracker.writeReportFile() wrote report: /home/min2ha/HR3/heritrix-3.1.1/./jobs/myFirstJob/20170512115807/reports/frontier-summary-report.txt
2017-05-12 12:00:09.777 INFO thread-18 org.archive.crawler.reporting.StatisticsTracker.writeReportFile() wrote report: /home/min2ha/HR3/heritrix-3.1.1/./jobs/myFirstJob/20170512115807/reports/threads-report.txt
2017-05-12 12:00:09.777 INFO thread-18 org.archive.crawler.frontier.AbstractFrontier.crawlEnded() Closing with 0 urls still in queue.
Fri  2 Jun 15:23:46 BST 2017 Starting heritrix
Linux min2ha-ThinkPad-X220 4.8.0-49-generic #52~16.04.1-Ubuntu SMP Thu Apr 20 10:55:59 UTC 2017 x86_64 x86_64 x86_64 GNU/Linux
java version "1.6.0_45"
Java(TM) SE Runtime Environment (build 1.6.0_45-b06)
Java HotSpot(TM) 64-Bit Server VM (build 20.45-b01, mixed mode)
JAVA_OPTS=-Xmx1024M
core file size          (blocks, -c) 0
data seg size           (kbytes, -d) unlimited
scheduling priority             (-e) 0
file size               (blocks, -f) unlimited
pending signals                 (-i) 63552
max locked memory       (kbytes, -l) 64
max memory size         (kbytes, -m) unlimited
open files                      (-n) 1024
pipe size            (512 bytes, -p) 8
POSIX message queues     (bytes, -q) 819200
real-time priority              (-r) 0
stack size              (kbytes, -s) 8192
cpu time               (seconds, -t) unlimited
max user processes              (-u) 63552
virtual memory          (kbytes, -v) unlimited
file locks                      (-x) unlimited
Sun Microsystems Inc. Java(TM) SE Runtime Environment 1.6.0_45-b06
Using ad-hoc HTTPS certificate with fingerprint...
SHA1:D4:30:71:C5:26:77:E1:A2:FF:EF:F1:DE:3F:2C:52:7E:43:50:84:CA
Verify in browser before accepting exception.
2017-06-02 14:23:47.563 INFO thread-10 org.archive.crawler.framework.Engine.addJobDirectory() added crawl job: myFirstJob
2017-06-02 14:23:47.575 WARNING thread-10 org.archive.crawler.framework.Engine.findJobConfigs() invalid job directory: ./jobs/.gitignore where job expected from: ./jobs/.gitignore
2017-06-02 14:23:47.698::INFO:  Logging to STDERR via org.mortbay.log.StdErrLog
2017-06-02 14:23:47.699::INFO:  jetty-6.1.14
2017-06-02 14:23:47.961::INFO:  Started SslSocketConnector@localhost:8443
engine listening at port 8443
operator login set per command-line
NOTE: We recommend a longer, stronger password, especially if your web 
interface will be internet-accessible.
Heritrix version: 3.1.1
2017-06-02 14:23:58.873::WARN:  EXCEPTION 
javax.net.ssl.SSLException: Unrecognized SSL message, plaintext connection?
	at com.sun.net.ssl.internal.ssl.InputRecord.handleUnknownRecord(InputRecord.java:652)
	at com.sun.net.ssl.internal.ssl.InputRecord.read(InputRecord.java:484)
	at com.sun.net.ssl.internal.ssl.SSLSocketImpl.readRecord(SSLSocketImpl.java:863)
	at com.sun.net.ssl.internal.ssl.SSLSocketImpl.performInitialHandshake(SSLSocketImpl.java:1188)
	at com.sun.net.ssl.internal.ssl.SSLSocketImpl.startHandshake(SSLSocketImpl.java:1215)
	at com.sun.net.ssl.internal.ssl.SSLSocketImpl.startHandshake(SSLSocketImpl.java:1199)
	at org.mortbay.jetty.security.SslSocketConnector$SslConnection.run(SslSocketConnector.java:631)
	at org.mortbay.thread.QueuedThreadPool$PoolThread.run(QueuedThreadPool.java:522)
2017-06-02 14:23:58.944::WARN:  EXCEPTION 
javax.net.ssl.SSLException: Unrecognized SSL message, plaintext connection?
	at com.sun.net.ssl.internal.ssl.InputRecord.handleUnknownRecord(InputRecord.java:652)
	at com.sun.net.ssl.internal.ssl.InputRecord.read(InputRecord.java:484)
	at com.sun.net.ssl.internal.ssl.SSLSocketImpl.readRecord(SSLSocketImpl.java:863)
	at com.sun.net.ssl.internal.ssl.SSLSocketImpl.performInitialHandshake(SSLSocketImpl.java:1188)
	at com.sun.net.ssl.internal.ssl.SSLSocketImpl.startHandshake(SSLSocketImpl.java:1215)
	at com.sun.net.ssl.internal.ssl.SSLSocketImpl.startHandshake(SSLSocketImpl.java:1199)
	at org.mortbay.jetty.security.SslSocketConnector$SslConnection.run(SslSocketConnector.java:631)
	at org.mortbay.thread.QueuedThreadPool$PoolThread.run(QueuedThreadPool.java:522)
2017-06-02 14:23:58.955::WARN:  EXCEPTION 
javax.net.ssl.SSLException: Unrecognized SSL message, plaintext connection?
	at com.sun.net.ssl.internal.ssl.InputRecord.handleUnknownRecord(InputRecord.java:652)
	at com.sun.net.ssl.internal.ssl.InputRecord.read(InputRecord.java:484)
	at com.sun.net.ssl.internal.ssl.SSLSocketImpl.readRecord(SSLSocketImpl.java:863)
	at com.sun.net.ssl.internal.ssl.SSLSocketImpl.performInitialHandshake(SSLSocketImpl.java:1188)
	at com.sun.net.ssl.internal.ssl.SSLSocketImpl.startHandshake(SSLSocketImpl.java:1215)
	at com.sun.net.ssl.internal.ssl.SSLSocketImpl.startHandshake(SSLSocketImpl.java:1199)
	at org.mortbay.jetty.security.SslSocketConnector$SslConnection.run(SslSocketConnector.java:631)
	at org.mortbay.thread.QueuedThreadPool$PoolThread.run(QueuedThreadPool.java:522)
2017-06-02 14:24:11.466::WARN:  EXCEPTION 
javax.net.ssl.SSLException: Received fatal alert: illegal_parameter
	at com.sun.net.ssl.internal.ssl.Alerts.getSSLException(Alerts.java:190)
	at com.sun.net.ssl.internal.ssl.Alerts.getSSLException(Alerts.java:136)
	at com.sun.net.ssl.internal.ssl.SSLSocketImpl.recvAlert(SSLSocketImpl.java:1822)
	at com.sun.net.ssl.internal.ssl.SSLSocketImpl.readRecord(SSLSocketImpl.java:1004)
	at com.sun.net.ssl.internal.ssl.SSLSocketImpl.performInitialHandshake(SSLSocketImpl.java:1188)
	at com.sun.net.ssl.internal.ssl.SSLSocketImpl.startHandshake(SSLSocketImpl.java:1215)
	at com.sun.net.ssl.internal.ssl.SSLSocketImpl.startHandshake(SSLSocketImpl.java:1199)
	at org.mortbay.jetty.security.SslSocketConnector$SslConnection.run(SslSocketConnector.java:631)
	at org.mortbay.thread.QueuedThreadPool$PoolThread.run(QueuedThreadPool.java:522)
2017-06-02 14:25:15.477::WARN:  EXCEPTION 
javax.net.ssl.SSLException: Received fatal alert: illegal_parameter
	at com.sun.net.ssl.internal.ssl.Alerts.getSSLException(Alerts.java:190)
	at com.sun.net.ssl.internal.ssl.Alerts.getSSLException(Alerts.java:136)
	at com.sun.net.ssl.internal.ssl.SSLSocketImpl.recvAlert(SSLSocketImpl.java:1822)
	at com.sun.net.ssl.internal.ssl.SSLSocketImpl.readRecord(SSLSocketImpl.java:1004)
	at com.sun.net.ssl.internal.ssl.SSLSocketImpl.performInitialHandshake(SSLSocketImpl.java:1188)
	at com.sun.net.ssl.internal.ssl.SSLSocketImpl.startHandshake(SSLSocketImpl.java:1215)
	at com.sun.net.ssl.internal.ssl.SSLSocketImpl.startHandshake(SSLSocketImpl.java:1199)
	at org.mortbay.jetty.security.SslSocketConnector$SslConnection.run(SslSocketConnector.java:631)
	at org.mortbay.thread.QueuedThreadPool$PoolThread.run(QueuedThreadPool.java:522)
2017-06-02 14:28:52.071::WARN:  EXCEPTION 
javax.net.ssl.SSLException: Received fatal alert: illegal_parameter
	at com.sun.net.ssl.internal.ssl.Alerts.getSSLException(Alerts.java:190)
	at com.sun.net.ssl.internal.ssl.Alerts.getSSLException(Alerts.java:136)
	at com.sun.net.ssl.internal.ssl.SSLSocketImpl.recvAlert(SSLSocketImpl.java:1822)
	at com.sun.net.ssl.internal.ssl.SSLSocketImpl.readRecord(SSLSocketImpl.java:1004)
	at com.sun.net.ssl.internal.ssl.SSLSocketImpl.performInitialHandshake(SSLSocketImpl.java:1188)
	at com.sun.net.ssl.internal.ssl.SSLSocketImpl.startHandshake(SSLSocketImpl.java:1215)
	at com.sun.net.ssl.internal.ssl.SSLSocketImpl.startHandshake(SSLSocketImpl.java:1199)
	at org.mortbay.jetty.security.SslSocketConnector$SslConnection.run(SslSocketConnector.java:631)
	at org.mortbay.thread.QueuedThreadPool$PoolThread.run(QueuedThreadPool.java:522)
2017-06-02 14:29:01.670::WARN:  EXCEPTION 
javax.net.ssl.SSLException: Received fatal alert: illegal_parameter
	at com.sun.net.ssl.internal.ssl.Alerts.getSSLException(Alerts.java:190)
	at com.sun.net.ssl.internal.ssl.Alerts.getSSLException(Alerts.java:136)
	at com.sun.net.ssl.internal.ssl.SSLSocketImpl.recvAlert(SSLSocketImpl.java:1822)
	at com.sun.net.ssl.internal.ssl.SSLSocketImpl.readRecord(SSLSocketImpl.java:1004)
	at com.sun.net.ssl.internal.ssl.SSLSocketImpl.performInitialHandshake(SSLSocketImpl.java:1188)
	at com.sun.net.ssl.internal.ssl.SSLSocketImpl.startHandshake(SSLSocketImpl.java:1215)
	at com.sun.net.ssl.internal.ssl.SSLSocketImpl.startHandshake(SSLSocketImpl.java:1199)
	at org.mortbay.jetty.security.SslSocketConnector$SslConnection.run(SslSocketConnector.java:631)
	at org.mortbay.thread.QueuedThreadPool$PoolThread.run(QueuedThreadPool.java:522)
2017-06-02 14:29:01.701::WARN:  EXCEPTION 
javax.net.ssl.SSLException: Received fatal alert: illegal_parameter
	at com.sun.net.ssl.internal.ssl.Alerts.getSSLException(Alerts.java:190)
	at com.sun.net.ssl.internal.ssl.Alerts.getSSLException(Alerts.java:136)
	at com.sun.net.ssl.internal.ssl.SSLSocketImpl.recvAlert(SSLSocketImpl.java:1822)
	at com.sun.net.ssl.internal.ssl.SSLSocketImpl.readRecord(SSLSocketImpl.java:1004)
	at com.sun.net.ssl.internal.ssl.SSLSocketImpl.performInitialHandshake(SSLSocketImpl.java:1188)
	at com.sun.net.ssl.internal.ssl.SSLSocketImpl.startHandshake(SSLSocketImpl.java:1215)
	at com.sun.net.ssl.internal.ssl.SSLSocketImpl.startHandshake(SSLSocketImpl.java:1199)
	at org.mortbay.jetty.security.SslSocketConnector$SslConnection.run(SslSocketConnector.java:631)
	at org.mortbay.thread.QueuedThreadPool$PoolThread.run(QueuedThreadPool.java:522)
2017-06-02 14:29:02.700::WARN:  EXCEPTION 
javax.net.ssl.SSLException: Received fatal alert: illegal_parameter
	at com.sun.net.ssl.internal.ssl.Alerts.getSSLException(Alerts.java:190)
	at com.sun.net.ssl.internal.ssl.Alerts.getSSLException(Alerts.java:136)
	at com.sun.net.ssl.internal.ssl.SSLSocketImpl.recvAlert(SSLSocketImpl.java:1822)
	at com.sun.net.ssl.internal.ssl.SSLSocketImpl.readRecord(SSLSocketImpl.java:1004)
	at com.sun.net.ssl.internal.ssl.SSLSocketImpl.performInitialHandshake(SSLSocketImpl.java:1188)
	at com.sun.net.ssl.internal.ssl.SSLSocketImpl.startHandshake(SSLSocketImpl.java:1215)
	at com.sun.net.ssl.internal.ssl.SSLSocketImpl.startHandshake(SSLSocketImpl.java:1199)
	at org.mortbay.jetty.security.SslSocketConnector$SslConnection.run(SslSocketConnector.java:631)
	at org.mortbay.thread.QueuedThreadPool$PoolThread.run(QueuedThreadPool.java:522)
2017-06-02 18:17:35.259::WARN:  EXCEPTION 
javax.net.ssl.SSLHandshakeException: Remote host closed connection during handshake
	at com.sun.net.ssl.internal.ssl.SSLSocketImpl.readRecord(SSLSocketImpl.java:882)
	at com.sun.net.ssl.internal.ssl.SSLSocketImpl.performInitialHandshake(SSLSocketImpl.java:1188)
	at com.sun.net.ssl.internal.ssl.SSLSocketImpl.startHandshake(SSLSocketImpl.java:1215)
	at com.sun.net.ssl.internal.ssl.SSLSocketImpl.startHandshake(SSLSocketImpl.java:1199)
	at org.mortbay.jetty.security.SslSocketConnector$SslConnection.run(SslSocketConnector.java:631)
	at org.mortbay.thread.QueuedThreadPool$PoolThread.run(QueuedThreadPool.java:522)
Caused by: java.io.EOFException: SSL peer shut down incorrectly
	at com.sun.net.ssl.internal.ssl.InputRecord.read(InputRecord.java:462)
	at com.sun.net.ssl.internal.ssl.SSLSocketImpl.readRecord(SSLSocketImpl.java:863)
	... 5 more
2017-06-02 18:41:53.128 WARNING thread-11 org.archive.crawler.framework.Engine.findJobConfigs() invalid job directory: ./jobs/.gitignore where job expected from: ./jobs/.gitignore
2017-06-02 19:03:06.331::WARN:  EXCEPTION 
javax.net.ssl.SSLHandshakeException: Remote host closed connection during handshake
	at com.sun.net.ssl.internal.ssl.SSLSocketImpl.readRecord(SSLSocketImpl.java:882)
	at com.sun.net.ssl.internal.ssl.SSLSocketImpl.performInitialHandshake(SSLSocketImpl.java:1188)
	at com.sun.net.ssl.internal.ssl.SSLSocketImpl.startHandshake(SSLSocketImpl.java:1215)
	at com.sun.net.ssl.internal.ssl.SSLSocketImpl.startHandshake(SSLSocketImpl.java:1199)
	at org.mortbay.jetty.security.SslSocketConnector$SslConnection.run(SslSocketConnector.java:631)
	at org.mortbay.thread.QueuedThreadPool$PoolThread.run(QueuedThreadPool.java:522)
Caused by: java.io.EOFException: SSL peer shut down incorrectly
	at com.sun.net.ssl.internal.ssl.InputRecord.read(InputRecord.java:462)
	at com.sun.net.ssl.internal.ssl.SSLSocketImpl.readRecord(SSLSocketImpl.java:863)
	... 5 more
Mon 12 Jun 10:17:52 BST 2017 Starting heritrix
Linux min2ha-ThinkPad-X220 4.8.0-49-generic #52~16.04.1-Ubuntu SMP Thu Apr 20 10:55:59 UTC 2017 x86_64 x86_64 x86_64 GNU/Linux
java version "1.6.0_45"
Java(TM) SE Runtime Environment (build 1.6.0_45-b06)
Java HotSpot(TM) 64-Bit Server VM (build 20.45-b01, mixed mode)
JAVA_OPTS=-Xmx1024M
core file size          (blocks, -c) 0
data seg size           (kbytes, -d) unlimited
scheduling priority             (-e) 0
file size               (blocks, -f) unlimited
pending signals                 (-i) 63552
max locked memory       (kbytes, -l) 64
max memory size         (kbytes, -m) unlimited
open files                      (-n) 1024
pipe size            (512 bytes, -p) 8
POSIX message queues     (bytes, -q) 819200
real-time priority              (-r) 0
stack size              (kbytes, -s) 8192
cpu time               (seconds, -t) unlimited
max user processes              (-u) 63552
virtual memory          (kbytes, -v) unlimited
file locks                      (-x) unlimited
Sun Microsystems Inc. Java(TM) SE Runtime Environment 1.6.0_45-b06
You must specify a valid [username:]password for the web interface using -a.
Mon 12 Jun 10:21:44 BST 2017 Starting heritrix
Linux min2ha-ThinkPad-X220 4.8.0-49-generic #52~16.04.1-Ubuntu SMP Thu Apr 20 10:55:59 UTC 2017 x86_64 x86_64 x86_64 GNU/Linux
java version "1.6.0_45"
Java(TM) SE Runtime Environment (build 1.6.0_45-b06)
Java HotSpot(TM) 64-Bit Server VM (build 20.45-b01, mixed mode)
JAVA_OPTS=-Xmx1024M
core file size          (blocks, -c) 0
data seg size           (kbytes, -d) unlimited
scheduling priority             (-e) 0
file size               (blocks, -f) unlimited
pending signals                 (-i) 63552
max locked memory       (kbytes, -l) 64
max memory size         (kbytes, -m) unlimited
open files                      (-n) 1024
pipe size            (512 bytes, -p) 8
POSIX message queues     (bytes, -q) 819200
real-time priority              (-r) 0
stack size              (kbytes, -s) 8192
cpu time               (seconds, -t) unlimited
max user processes              (-u) 63552
virtual memory          (kbytes, -v) unlimited
file locks                      (-x) unlimited
Sun Microsystems Inc. Java(TM) SE Runtime Environment 1.6.0_45-b06
You must specify a valid [username:]password for the web interface using -a.
Mon 12 Jun 10:24:44 BST 2017 Starting heritrix
Linux min2ha-ThinkPad-X220 4.8.0-49-generic #52~16.04.1-Ubuntu SMP Thu Apr 20 10:55:59 UTC 2017 x86_64 x86_64 x86_64 GNU/Linux
Error occurred during initialization of VM
Too small initial heap
JAVA_OPTS=-Xmx320
core file size          (blocks, -c) 0
data seg size           (kbytes, -d) unlimited
scheduling priority             (-e) 0
file size               (blocks, -f) unlimited
pending signals                 (-i) 63552
max locked memory       (kbytes, -l) 64
max memory size         (kbytes, -m) unlimited
open files                      (-n) 1024
pipe size            (512 bytes, -p) 8
POSIX message queues     (bytes, -q) 819200
real-time priority              (-r) 0
stack size              (kbytes, -s) 8192
cpu time               (seconds, -t) unlimited
max user processes              (-u) 63552
virtual memory          (kbytes, -v) unlimited
file locks                      (-x) unlimited
Error occurred during initialization of VM
Too small initial heap
Mon 12 Jun 10:25:25 BST 2017 Starting heritrix
Linux min2ha-ThinkPad-X220 4.8.0-49-generic #52~16.04.1-Ubuntu SMP Thu Apr 20 10:55:59 UTC 2017 x86_64 x86_64 x86_64 GNU/Linux
Error occurred during initialization of VM
Too small initial heap
JAVA_OPTS=-Xmx960
core file size          (blocks, -c) 0
data seg size           (kbytes, -d) unlimited
scheduling priority             (-e) 0
file size               (blocks, -f) unlimited
pending signals                 (-i) 63552
max locked memory       (kbytes, -l) 64
max memory size         (kbytes, -m) unlimited
open files                      (-n) 1024
pipe size            (512 bytes, -p) 8
POSIX message queues     (bytes, -q) 819200
real-time priority              (-r) 0
stack size              (kbytes, -s) 8192
cpu time               (seconds, -t) unlimited
max user processes              (-u) 63552
virtual memory          (kbytes, -v) unlimited
file locks                      (-x) unlimited
Error occurred during initialization of VM
Too small initial heap
Mon 12 Jun 10:25:36 BST 2017 Starting heritrix
Linux min2ha-ThinkPad-X220 4.8.0-49-generic #52~16.04.1-Ubuntu SMP Thu Apr 20 10:55:59 UTC 2017 x86_64 x86_64 x86_64 GNU/Linux
Error occurred during initialization of VM
Too small initial heap
JAVA_OPTS=-Xmx5960
core file size          (blocks, -c) 0
data seg size           (kbytes, -d) unlimited
scheduling priority             (-e) 0
file size               (blocks, -f) unlimited
pending signals                 (-i) 63552
max locked memory       (kbytes, -l) 64
max memory size         (kbytes, -m) unlimited
open files                      (-n) 1024
pipe size            (512 bytes, -p) 8
POSIX message queues     (bytes, -q) 819200
real-time priority              (-r) 0
stack size              (kbytes, -s) 8192
cpu time               (seconds, -t) unlimited
max user processes              (-u) 63552
virtual memory          (kbytes, -v) unlimited
file locks                      (-x) unlimited
Error occurred during initialization of VM
Too small initial heap
Mon 12 Jun 10:27:18 BST 2017 Starting heritrix
Linux min2ha-ThinkPad-X220 4.8.0-49-generic #52~16.04.1-Ubuntu SMP Thu Apr 20 10:55:59 UTC 2017 x86_64 x86_64 x86_64 GNU/Linux
Error occurred during initialization of VM
Too small initial heap
JAVA_OPTS=-Xmx5960
core file size          (blocks, -c) 0
data seg size           (kbytes, -d) unlimited
scheduling priority             (-e) 0
file size               (blocks, -f) unlimited
pending signals                 (-i) 63552
max locked memory       (kbytes, -l) 64
max memory size         (kbytes, -m) unlimited
open files                      (-n) 1024
pipe size            (512 bytes, -p) 8
POSIX message queues     (bytes, -q) 819200
real-time priority              (-r) 0
stack size              (kbytes, -s) 8192
cpu time               (seconds, -t) unlimited
max user processes              (-u) 63552
virtual memory          (kbytes, -v) unlimited
file locks                      (-x) unlimited
Error occurred during initialization of VM
Too small initial heap
Mon 12 Jun 10:27:24 BST 2017 Starting heritrix
Linux min2ha-ThinkPad-X220 4.8.0-49-generic #52~16.04.1-Ubuntu SMP Thu Apr 20 10:55:59 UTC 2017 x86_64 x86_64 x86_64 GNU/Linux
Error occurred during initialization of VM
Too small initial heap
JAVA_OPTS=-Xmx5960
core file size          (blocks, -c) 0
data seg size           (kbytes, -d) unlimited
scheduling priority             (-e) 0
file size               (blocks, -f) unlimited
pending signals                 (-i) 63552
max locked memory       (kbytes, -l) 64
max memory size         (kbytes, -m) unlimited
open files                      (-n) 1024
pipe size            (512 bytes, -p) 8
POSIX message queues     (bytes, -q) 819200
real-time priority              (-r) 0
stack size              (kbytes, -s) 8192
cpu time               (seconds, -t) unlimited
max user processes              (-u) 63552
virtual memory          (kbytes, -v) unlimited
file locks                      (-x) unlimited
Error occurred during initialization of VM
Too small initial heap
Mon 12 Jun 10:29:03 BST 2017 Starting heritrix
Linux min2ha-ThinkPad-X220 4.8.0-49-generic #52~16.04.1-Ubuntu SMP Thu Apr 20 10:55:59 UTC 2017 x86_64 x86_64 x86_64 GNU/Linux
java version "1.6.0_45"
Java(TM) SE Runtime Environment (build 1.6.0_45-b06)
Java HotSpot(TM) 64-Bit Server VM (build 20.45-b01, mixed mode)
JAVA_OPTS=-Xmx1024M
core file size          (blocks, -c) 0
data seg size           (kbytes, -d) unlimited
scheduling priority             (-e) 0
file size               (blocks, -f) unlimited
pending signals                 (-i) 63552
max locked memory       (kbytes, -l) 64
max memory size         (kbytes, -m) unlimited
open files                      (-n) 1024
pipe size            (512 bytes, -p) 8
POSIX message queues     (bytes, -q) 819200
real-time priority              (-r) 0
stack size              (kbytes, -s) 8192
cpu time               (seconds, -t) unlimited
max user processes              (-u) 63552
virtual memory          (kbytes, -v) unlimited
file locks                      (-x) unlimited
Sun Microsystems Inc. Java(TM) SE Runtime Environment 1.6.0_45-b06
You must specify a valid [username:]password for the web interface using -a.
Mon 12 Jun 10:29:47 BST 2017 Starting heritrix
Linux min2ha-ThinkPad-X220 4.8.0-49-generic #52~16.04.1-Ubuntu SMP Thu Apr 20 10:55:59 UTC 2017 x86_64 x86_64 x86_64 GNU/Linux
java version "1.6.0_45"
Java(TM) SE Runtime Environment (build 1.6.0_45-b06)
Java HotSpot(TM) 64-Bit Server VM (build 20.45-b01, mixed mode)
JAVA_OPTS=-Xmx1024M
core file size          (blocks, -c) 0
data seg size           (kbytes, -d) unlimited
scheduling priority             (-e) 0
file size               (blocks, -f) unlimited
pending signals                 (-i) 63552
max locked memory       (kbytes, -l) 64
max memory size         (kbytes, -m) unlimited
open files                      (-n) 1024
pipe size            (512 bytes, -p) 8
POSIX message queues     (bytes, -q) 819200
real-time priority              (-r) 0
stack size              (kbytes, -s) 8192
cpu time               (seconds, -t) unlimited
max user processes              (-u) 63552
virtual memory          (kbytes, -v) unlimited
file locks                      (-x) unlimited
Sun Microsystems Inc. Java(TM) SE Runtime Environment 1.6.0_45-b06
Using ad-hoc HTTPS certificate with fingerprint...
SHA1:D4:30:71:C5:26:77:E1:A2:FF:EF:F1:DE:3F:2C:52:7E:43:50:84:CA
Verify in browser before accepting exception.
2017-06-12 09:29:47.799 INFO thread-10 org.archive.crawler.framework.Engine.addJobDirectory() added crawl job: myFirstJob
2017-06-12 09:29:47.813 WARNING thread-10 org.archive.crawler.framework.Engine.findJobConfigs() invalid job directory: ./jobs/.gitignore where job expected from: ./jobs/.gitignore
2017-06-12 09:29:47.958::INFO:  Logging to STDERR via org.mortbay.log.StdErrLog
2017-06-12 09:29:47.959::INFO:  jetty-6.1.14
2017-06-12 09:29:48.296::INFO:  Started SslSocketConnector@0.0.0.0:8443
engine listening at port 8443
operator login set per command-line
NOTE: We recommend a longer, stronger password, especially if your web 
interface will be internet-accessible.
Heritrix version: 3.1.1
2017-06-12 09:30:01.323::WARN:  EXCEPTION 
javax.net.ssl.SSLException: Received fatal alert: illegal_parameter
	at com.sun.net.ssl.internal.ssl.Alerts.getSSLException(Alerts.java:190)
	at com.sun.net.ssl.internal.ssl.Alerts.getSSLException(Alerts.java:136)
	at com.sun.net.ssl.internal.ssl.SSLSocketImpl.recvAlert(SSLSocketImpl.java:1822)
	at com.sun.net.ssl.internal.ssl.SSLSocketImpl.readRecord(SSLSocketImpl.java:1004)
	at com.sun.net.ssl.internal.ssl.SSLSocketImpl.performInitialHandshake(SSLSocketImpl.java:1188)
	at com.sun.net.ssl.internal.ssl.SSLSocketImpl.startHandshake(SSLSocketImpl.java:1215)
	at com.sun.net.ssl.internal.ssl.SSLSocketImpl.startHandshake(SSLSocketImpl.java:1199)
	at org.mortbay.jetty.security.SslSocketConnector$SslConnection.run(SslSocketConnector.java:631)
	at org.mortbay.thread.QueuedThreadPool$PoolThread.run(QueuedThreadPool.java:522)
2017-06-12 09:30:42.498 WARNING thread-11 org.archive.crawler.framework.Engine.findJobConfigs() invalid job directory: ./jobs/.gitignore where job expected from: ./jobs/.gitignore
